Arguments: 
  /usr/local/bin/node /usr/local/bin/yarn run build

PATH: 
  /Users/cpettyjohn/Habbo/instinct-revised/packages/backend/plugin/user-guestbook/node_modules/.bin:/Users/cpettyjohn/Habbo/instinct-revised/packages/backend/plugin/node_modules/.bin:/Users/cpettyjohn/Habbo/instinct-revised/packages/backend/node_modules/.bin:/Users/cpettyjohn/Habbo/instinct-revised/packages/node_modules/.bin:/Users/cpettyjohn/Habbo/instinct-revised/node_modules/.bin:/Users/cpettyjohn/Habbo/node_modules/.bin:/Users/cpettyjohn/node_modules/.bin:/Users/node_modules/.bin:/node_modules/.bin:/usr/local/bin:/var/folders/w3/0_q5kyqd5zz7j67rs42j59x40000gp/T/yarn--1614045383073-0.8395051895871992:/Users/cpettyjohn/Habbo/instinct-revised/node_modules/.bin:/Users/cpettyjohn/.config/yarn/link/node_modules/.bin:/Users/cpettyjohn/Habbo/instinct-revised/node_modules/.bin:/usr/local/libexec/lib/node_modules/npm/bin/node-gyp-bin:/usr/local/lib/node_modules/npm/bin/node-gyp-bin:/usr/local/bin/node_modules/npm/bin/node-gyp-bin:/usr/local/bin:/usr/bin:/bin:/usr/sbin:/sbin:/Applications/Postgres.app/Contents/Versions/latest/bin

Yarn version: 
  1.22.10

Node version: 
  14.15.5

Platform: 
  darwin x64

Trace: 
  SyntaxError: /Users/cpettyjohn/Habbo/instinct-revised/packages/backend/plugin/user-guestbook/package.json: Unexpected token } in JSON at position 376
      at JSON.parse (<anonymous>)
      at /usr/local/lib/node_modules/yarn/lib/cli.js:1625:59
      at Generator.next (<anonymous>)
      at step (/usr/local/lib/node_modules/yarn/lib/cli.js:310:30)
      at /usr/local/lib/node_modules/yarn/lib/cli.js:321:13

npm manifest: 
  {
    "name": "@instinct-plugin/user-guestbook-api",
    "version": "1.9.0",
    "main": "dist/index.js",
    "types": "dist/types",
    "files": [
      "dist"
    ],
    "scripts": {
      "build": "yarn run clean && yarn run compile",
      "clean": "rimraf -rf ./dist && rimraf -rf ./build",
      "compile": "tsc -p tsconfig.build.json"
    },
    "dependencies": {
      "moment": "^2.29.1",
    },
    "devDependencies": {
      "@nestjs/common": "^7.6.12",
      "@nestjs/core": "^7.6.12",
      "@types/bcryptjs": "^2.4.2",
      "@types/express": "^4.17.11",
      "@types/node": "^14.14.31",
      "@types/passport": "^1.0.6",
      "@types/passport-jwt": "^3.0.5",
      "@types/randomstring": "^1.1.6",
      "dotenv": "^8.2.0",
      "rimraf": "^3.0.2",
      "ts-node": "9.1.1",
      "tsconfig-paths": "3.9.0",
      "typescript": "~4.1.5",
      "@instinct-prj/interface": "^1.9.0",
      "@instinct-api/session": "^1.9.0",
      "@instinct-api/users": "^1.9.0",
      "@instinct-api/database": "^1.9.0"
    },
    "peerDependencies": {
      "@nestjs/common": "^7.6.12",
      "@nestjs/core": "^7.6.12",
      "typescript": "~4.1.5",
      "@instinct-prj/interface": "^1.9.0",
      "@instinct-api/session": "^1.9.0",
      "@instinct-api/users": "^1.9.0",
      "@instinct-api/database": "^1.9.0"
    },
    "gitHead": "66b61bc221ace5230cd659bc3631eb6331da51e6"
  }

yarn manifest: 
  No manifest

Lockfile: 
  No lockfile
