Arguments: 
  /usr/local/bin/node /usr/local/bin/yarn run compile:types

PATH: 
  /var/folders/w3/0_q5kyqd5zz7j67rs42j59x40000gp/T/yarn--1613849913631-0.3729808493194191:/Users/cpettyjohn/Habbo/instinct/packages/shared/interface/node_modules/.bin:/Users/cpettyjohn/.config/yarn/link/node_modules/.bin:/Users/cpettyjohn/Habbo/instinct/node_modules/.bin:/usr/local/libexec/lib/node_modules/npm/bin/node-gyp-bin:/usr/local/lib/node_modules/npm/bin/node-gyp-bin:/usr/local/bin/node_modules/npm/bin/node-gyp-bin:/var/folders/w3/0_q5kyqd5zz7j67rs42j59x40000gp/T/yarn--1613849912909-0.7923213872394359:/Users/cpettyjohn/Habbo/instinct/packages/shared/interface/node_modules/.bin:/Users/cpettyjohn/.config/yarn/link/node_modules/.bin:/Users/cpettyjohn/Habbo/instinct/node_modules/.bin:/usr/local/libexec/lib/node_modules/npm/bin/node-gyp-bin:/usr/local/lib/node_modules/npm/bin/node-gyp-bin:/usr/local/bin/node_modules/npm/bin/node-gyp-bin:/Users/cpettyjohn/Habbo/instinct/packages/shared/interface/node_modules/.bin:/Users/cpettyjohn/Habbo/instinct/packages/shared/node_modules/.bin:/Users/cpettyjohn/Habbo/instinct/packages/node_modules/.bin:/Users/cpettyjohn/Habbo/instinct/node_modules/.bin:/Users/cpettyjohn/Habbo/node_modules/.bin:/Users/cpettyjohn/node_modules/.bin:/Users/node_modules/.bin:/node_modules/.bin:/usr/local/bin:/var/folders/w3/0_q5kyqd5zz7j67rs42j59x40000gp/T/yarn--1613849912039-0.15529859203759844:/Users/cpettyjohn/Habbo/instinct/node_modules/.bin:/Users/cpettyjohn/.config/yarn/link/node_modules/.bin:/Users/cpettyjohn/Habbo/instinct/node_modules/.bin:/usr/local/libexec/lib/node_modules/npm/bin/node-gyp-bin:/usr/local/lib/node_modules/npm/bin/node-gyp-bin:/usr/local/bin/node_modules/npm/bin/node-gyp-bin:/usr/local/bin:/usr/bin:/bin:/usr/sbin:/sbin:/Applications/Postgres.app/Contents/Versions/latest/bin

Yarn version: 
  1.22.10

Node version: 
  10.21.0

Platform: 
  darwin x64

Trace: 
  Error: package.json: write EPIPE
      at afterWriteDispatched (internal/stream_base_commons.js:78:25)
      at writeGeneric (internal/stream_base_commons.js:73:3)
      at Socket._writeGeneric (net.js:714:5)
      at Socket._write (net.js:726:8)
      at doWrite (_stream_writable.js:415:12)
      at writeOrBuffer (_stream_writable.js:399:5)
      at Socket.Writable.write (_stream_writable.js:299:11)
      at ConsoleReporter.warn (/usr/local/lib/node_modules/yarn/lib/cli.js:96352:17)
      at warn (/usr/local/lib/node_modules/yarn/lib/cli.js:51521:23)
      at module.exports.exports.default (/usr/local/lib/node_modules/yarn/lib/cli.js:37358:7)

npm manifest: 
  {
    "name": "@instinct-prj/interface",
    "version": "1.9.0",
    "main": "dist/index.js",
    "types": "dist/index",
    "files": [
      "dist"
    ],
    "scripts": {
      "build": "yarn run clean && yarn run compile",
      "clean": "rimraf -rf ./dist && rimraf -rf ./build",
      "compile": "NODE_OPTIONS=--max_old_space_size=4096 rollup -c && yarn run compile:types",
      "compile:types": "tsc -d -p tsconfig.build.json --emitDeclarationOnly --declarationDir dist/types"
    },
    "devDependencies": {
      "@rollup/plugin-commonjs": "^17.1.0",
      "@rollup/plugin-node-resolve": "^11.2.0",
      "@rollup/plugin-typescript": "^8.2.0",
      "@types/node": "^14.14.31",
      "rimraf": "^3.0.2",
      "rollup-plugin-peer-deps-external": "^2.2.4",
      "rollup-plugin-terser": "^7.0.2",
      "ts-node": "9.1.1",
      "tsconfig-paths": "3.9.0",
      "typescript": "~4.1.5"
    },
    "gitHead": "66b61bc221ace5230cd659bc3631eb6331da51e6"
  }

yarn manifest: 
  No manifest

Lockfile: 
  No lockfile
